This file contains any messages produced by compilers while
running configure, to aid debugging if configure makes a mistake.

configure:586: checking for a BSD compatible install
configure:639: checking whether build environment is sane
configure:696: checking whether make sets ${MAKE}
configure:742: checking for working aclocal
configure:755: checking for working autoconf
configure:768: checking for working automake
configure:781: checking for working autoheader
configure:794: checking for working makeinfo
configure:811: checking for gcc
configure:924: checking whether the C compiler (gcc -g -O2 -Wall ) works
configure:940: gcc -o conftest -g -O2 -Wall   conftest.c  1>&5
configure:937: warning: return-type defaults to `int'
configure:966: checking whether the C compiler (gcc -g -O2 -Wall ) is a cross-compiler
configure:971: checking whether we are using GNU C
configure:999: checking whether gcc accepts -g
configure:1035: checking for c++
configure:1067: checking whether the C++ compiler (c++ -g -O2 -Wall ) works
configure:1083: c++ -o conftest -g -O2 -Wall   conftest.C  1>&5
configure:1109: checking whether the C++ compiler (c++ -g -O2 -Wall ) is a cross-compiler
configure:1114: checking whether we are using GNU C++
configure:1142: checking whether c++ accepts -g
configure:1185: checking for a BSD compatible install
configure:1240: checking for main in -lqthreads
configure:1283: checking for scm_boot_guile in -lguile
configure:1331: checking for main in -lclanCore
configure:1381: checking for main in -lclanJPEG
configure:1433: checking for main in -lclanPNG
